[2025-06-06T16:29:23.718Z] INFO: Event bus initialized {
  "component": "event-bus"
}
[2025-06-06T16:29:23.718Z] INFO: Auto-initializing configuration service {
  "component": "config-service"
}
[2025-06-06T16:29:23.719Z] INFO: Initializing configuration service {
  "component": "config-service"
}
[2025-06-06T16:29:23.748Z] INFO: Configuration loaded successfully {
  "component": "config-service"
}
[2025-06-06T16:29:23.749Z] INFO: Configuration service initialized successfully {
  "component": "config-service"
}
[2025-06-06T16:46:39.588Z] INFO: Event bus initialized {
  "component": "event-bus"
}
[2025-06-06T16:46:39.589Z] INFO: Auto-initializing configuration service {
  "component": "config-service"
}
[2025-06-06T16:46:39.589Z] INFO: Initializing configuration service {
  "component": "config-service"
}
[2025-06-06T16:46:39.618Z] INFO: Configuration loaded successfully {
  "component": "config-service"
}
[2025-06-06T16:46:39.618Z] INFO: Configuration service initialized successfully {
  "component": "config-service"
}
